# JRE version: OpenJDK Runtime Environment (8.0_212-b04) (build 1.8.0_212-release-1586-b04)
# Java VM: OpenJDK 64-Bit Server VM (25.212-b04 mixed mode windows-amd64 compressed oops)
Heap:
 PSYoungGen      total 175616K, used 2926K [0x00000000d5c00000, 0x00000000e5800000, 0x0000000100000000)
  eden space 145920K, 2% used [0x00000000d5c00000,0x00000000d5edb958,0x00000000dea80000)
  from space 29696K, 0% used [0x00000000dea80000,0x00000000dea80000,0x00000000e0780000)
  to   space 35328K, 0% used [0x00000000e3580000,0x00000000e3580000,0x00000000e5800000)
 ParOldGen       total 110592K, used 48524K [0x0000000081400000, 0x0000000088000000, 0x00000000d5c00000)
  object space 110592K, 43% used [0x0000000081400000,0x0000000084363168,0x0000000088000000)
 Metaspace       used 58001K, capacity 59085K, committed 59160K, reserved 1101824K
  class space    used 6704K, capacity 6948K, committed 6960K, reserved 1048576K
GC Heap History (10 events):
Event: 5.318 GC heap before
{Heap before GC invocations=8 (full 2):
 PSYoungGen      total 71680K, used 66560K [0x00000000d5c00000, 0x00000000dde00000, 0x0000000100000000)
  eden space 66560K, 100% used [0x00000000d5c00000,0x00000000d9d00000,0x00000000d9d00000)
  from space 5120K, 0% used [0x00000000d9d00000,0x00000000d9d00000,0x00000000da200000)
  to   space 17408K, 0% used [0x00000000dcd00000,0x00000000dcd00000,0x00000000dde00000)
 ParOldGen       total 110592K, used 24246K [0x0000000081400000, 0x0000000088000000, 0x00000000d5c00000)
  object space 110592K, 21% used [0x0000000081400000,0x0000000082badae0,0x0000000088000000)
 Metaspace       used 39710K, capacity 40361K, committed 40496K, reserved 1085440K
  class space    used 5000K, capacity 5166K, committed 5168K, reserved 1048576K
Event: 5.347 GC heap after
Heap after GC invocations=8 (full 2):
 PSYoungGen      total 115200K, used 13378K [0x00000000d5c00000, 0x00000000de200000, 0x0000000100000000)
  eden space 97792K, 0% used [0x00000000d5c00000,0x00000000d5c00000,0x00000000dbb80000)
  from space 17408K, 76% used [0x00000000dcd00000,0x00000000dda10a90,0x00000000dde00000)
  to   space 17920K, 0% used [0x00000000dbb80000,0x00000000dbb80000,0x00000000dcd00000)
 ParOldGen       total 110592K, used 24254K [0x0000000081400000, 0x0000000088000000, 0x00000000d5c00000)
  object space 110592K, 21% used [0x0000000081400000,0x0000000082bafae0,0x0000000088000000)
 Metaspace       used 39710K, capacity 40361K, committed 40496K, reserved 1085440K
  class space    used 5000K, capacity 5166K, committed 5168K, reserved 1048576K
}
Event: 7.983 GC heap before
{Heap before GC invocations=9 (full 2):
 PSYoungGen      total 115200K, used 111170K [0x00000000d5c00000, 0x00000000de200000, 0x0000000100000000)
  eden space 97792K, 100% used [0x00000000d5c00000,0x00000000dbb80000,0x00000000dbb80000)
  from space 17408K, 76% used [0x00000000dcd00000,0x00000000dda10a90,0x00000000dde00000)
  to   space 17920K, 0% used [0x00000000dbb80000,0x00000000dbb80000,0x00000000dcd00000)
 ParOldGen       total 110592K, used 24254K [0x0000000081400000, 0x0000000088000000, 0x00000000d5c00000)
  object space 110592K, 21% used [0x0000000081400000,0x0000000082bafae0,0x0000000088000000)
 Metaspace       used 47339K, capacity 48209K, committed 48432K, reserved 1091584K
  class space    used 5831K, capacity 6074K, committed 6192K, reserved 1048576K
Event: 8.105 GC heap after
Heap after GC invocations=9 (full 2):
 PSYoungGen      total 115712K, used 17892K [0x00000000d5c00000, 0x00000000e1f80000, 0x0000000100000000)
  eden space 97792K, 0% used [0x00000000d5c00000,0x00000000d5c00000,0x00000000dbb80000)
  from space 17920K, 99% used [0x00000000dbb80000,0x00000000dccf91f0,0x00000000dcd00000)
  to   space 24576K, 0% used [0x00000000e0780000,0x00000000e0780000,0x00000000e1f80000)
 ParOldGen       total 110592K, used 33284K [0x0000000081400000, 0x0000000088000000, 0x00000000d5c00000)
  object space 110592K, 30% used [0x0000000081400000,0x0000000083481320,0x0000000088000000)
 Metaspace       used 47339K, capacity 48209K, committed 48432K, reserved 1091584K
  class space    used 5831K, capacity 6074K, committed 6192K, reserved 1048576K
}
Event: 11.993 GC heap before
{Heap before GC invocations=10 (full 2):
 PSYoungGen      total 115712K, used 115684K [0x00000000d5c00000, 0x00000000e1f80000, 0x0000000100000000)
  eden space 97792K, 100% used [0x00000000d5c00000,0x00000000dbb80000,0x00000000dbb80000)
  from space 17920K, 99% used [0x00000000dbb80000,0x00000000dccf91f0,0x00000000dcd00000)
  to   space 24576K, 0% used [0x00000000e0780000,0x00000000e0780000,0x00000000e1f80000)
 ParOldGen       total 110592K, used 33284K [0x0000000081400000, 0x0000000088000000, 0x00000000d5c00000)
  object space 110592K, 30% used [0x0000000081400000,0x0000000083481320,0x0000000088000000)
 Metaspace       used 51059K, capacity 52067K, committed 52272K, reserved 1095680K
  class space    used 6072K, capacity 6331K, committed 6448K, reserved 1048576K
Event: 12.033 GC heap after
Heap after GC invocations=10 (full 2):
 PSYoungGen      total 170496K, used 24547K [0x00000000d5c00000, 0x00000000e2480000, 0x0000000100000000)
  eden space 145920K, 0% used [0x00000000d5c00000,0x00000000d5c00000,0x00000000dea80000)
  from space 24576K, 99% used [0x00000000e0780000,0x00000000e1f78cc8,0x00000000e1f80000)
  to   space 29696K, 0% used [0x00000000dea80000,0x00000000dea80000,0x00000000e0780000)
 ParOldGen       total 110592K, used 36805K [0x0000000081400000, 0x0000000088000000, 0x00000000d5c00000)
  object space 110592K, 33% used [0x0000000081400000,0x00000000837f1710,0x0000000088000000)
 Metaspace       used 51059K, capacity 52067K, committed 52272K, reserved 1095680K
  class space    used 6072K, capacity 6331K, committed 6448K, reserved 1048576K
}
Event: 16.605 GC heap before
{Heap before GC invocations=11 (full 2):
 PSYoungGen      total 170496K, used 88646K [0x00000000d5c00000, 0x00000000e2480000, 0x0000000100000000)
  eden space 145920K, 43% used [0x00000000d5c00000,0x00000000d9a98eb8,0x00000000dea80000)
  from space 24576K, 99% used [0x00000000e0780000,0x00000000e1f78cc8,0x00000000e1f80000)
  to   space 29696K, 0% used [0x00000000dea80000,0x00000000dea80000,0x00000000e0780000)
 ParOldGen       total 110592K, used 36805K [0x0000000081400000, 0x0000000088000000, 0x00000000d5c00000)
  object space 110592K, 33% used [0x0000000081400000,0x00000000837f1710,0x0000000088000000)
 Metaspace       used 58000K, capacity 59085K, committed 59160K, reserved 1101824K
  class space    used 6704K, capacity 6948K, committed 6960K, reserved 1048576K
Event: 16.709 GC heap after
Heap after GC invocations=11 (full 2):
 PSYoungGen      total 175616K, used 29667K [0x00000000d5c00000, 0x00000000e5800000, 0x0000000100000000)
  eden space 145920K, 0% used [0x00000000d5c00000,0x00000000d5c00000,0x00000000dea80000)
  from space 29696K, 99% used [0x00000000dea80000,0x00000000e0778c98,0x00000000e0780000)
  to   space 35328K, 0% used [0x00000000e3580000,0x00000000e3580000,0x00000000e5800000)
 ParOldGen       total 110592K, used 39535K [0x0000000081400000, 0x0000000088000000, 0x00000000d5c00000)
  object space 110592K, 35% used [0x0000000081400000,0x0000000083a9bf60,0x0000000088000000)
 Metaspace       used 58000K, capacity 59085K, committed 59160K, reserved 1101824K
  class space    used 6704K, capacity 6948K, committed 6960K, reserved 1048576K
}
Event: 16.709 GC heap before
{Heap before GC invocations=12 (full 3):
 PSYoungGen      total 175616K, used 29667K [0x00000000d5c00000, 0x00000000e5800000, 0x0000000100000000)
  eden space 145920K, 0% used [0x00000000d5c00000,0x00000000d5c00000,0x00000000dea80000)
  from space 29696K, 99% used [0x00000000dea80000,0x00000000e0778c98,0x00000000e0780000)
  to   space 35328K, 0% used [0x00000000e3580000,0x00000000e3580000,0x00000000e5800000)
 ParOldGen       total 110592K, used 39535K [0x0000000081400000, 0x0000000088000000, 0x00000000d5c00000)
  object space 110592K, 35% used [0x0000000081400000,0x0000000083a9bf60,0x0000000088000000)
 Metaspace       used 58000K, capacity 59085K, committed 59160K, reserved 1101824K
  class space    used 6704K, capacity 6948K, committed 6960K, reserved 1048576K
Event: 17.429 GC heap after
Heap after GC invocations=12 (full 3):
 PSYoungGen      total 175616K, used 0K [0x00000000d5c00000, 0x00000000e5800000, 0x0000000100000000)
  eden space 145920K, 0% used [0x00000000d5c00000,0x00000000d5c00000,0x00000000dea80000)
  from space 29696K, 0% used [0x00000000dea80000,0x00000000dea80000,0x00000000e0780000)
  to   space 35328K, 0% used [0x00000000e3580000,0x00000000e3580000,0x00000000e5800000)
 ParOldGen       total 110592K, used 48524K [0x0000000081400000, 0x0000000088000000, 0x00000000d5c00000)
  object space 110592K, 43% used [0x0000000081400000,0x0000000084363168,0x0000000088000000)
 Metaspace       used 58000K, capacity 59085K, committed 59160K, reserved 1101824K
  class space    used 6704K, capacity 6948K, committed 6960K, reserved 1048576K
}

