# JRE version: OpenJDK Runtime Environment (8.0_212-b04) (build 1.8.0_212-release-1586-b04)
# Java VM: OpenJDK 64-Bit Server VM (25.212-b04 mixed mode windows-amd64 compressed oops)
Heap:
 PSYoungGen      total 254464K, used 142018K [0x00000000e0000000, 0x00000000f2480000, 0x0000000100000000)
  eden space 239104K, 53% used [0x00000000e0000000,0x00000000e7bcf248,0x00000000ee980000)
  from space 15360K, 99% used [0x00000000ef100000,0x00000000effe1898,0x00000000f0000000)
  to   space 30208K, 0% used [0x00000000f0700000,0x00000000f0700000,0x00000000f2480000)
 ParOldGen       total 241152K, used 80252K [0x00000000a0000000, 0x00000000aeb80000, 0x00000000e0000000)
  object space 241152K, 33% used [0x00000000a0000000,0x00000000a4e5f0b8,0x00000000aeb80000)
 Metaspace       used 101793K, capacity 107774K, committed 108032K, reserved 1142784K
  class space    used 13365K, capacity 14484K, committed 14592K, reserved 1048576K
GC Heap History (10 events):
Event: 374.245 GC heap before
{Heap before GC invocations=23 (full 4):
 PSYoungGen      total 256000K, used 237522K [0x00000000e0000000, 0x00000000f1e80000, 0x0000000100000000)
  eden space 222720K, 100% used [0x00000000e0000000,0x00000000ed980000,0x00000000ed980000)
  from space 33280K, 44% used [0x00000000efe00000,0x00000000f0c74b60,0x00000000f1e80000)
  to   space 35328K, 0% used [0x00000000ed980000,0x00000000ed980000,0x00000000efc00000)
 ParOldGen       total 241152K, used 80212K [0x00000000a0000000, 0x00000000aeb80000, 0x00000000e0000000)
  object space 241152K, 33% used [0x00000000a0000000,0x00000000a4e550b8,0x00000000aeb80000)
 Metaspace       used 98091K, capacity 103074K, committed 103168K, reserved 1138688K
  class space    used 13029K, capacity 14012K, committed 14080K, reserved 1048576K
Event: 374.298 GC heap after
Heap after GC invocations=23 (full 4):
 PSYoungGen      total 258048K, used 18047K [0x00000000e0000000, 0x00000000f2e00000, 0x0000000100000000)
  eden space 222720K, 0% used [0x00000000e0000000,0x00000000e0000000,0x00000000ed980000)
  from space 35328K, 51% used [0x00000000ed980000,0x00000000eeb1ff20,0x00000000efc00000)
  to   space 34304K, 0% used [0x00000000f0c80000,0x00000000f0c80000,0x00000000f2e00000)
 ParOldGen       total 241152K, used 80220K [0x00000000a0000000, 0x00000000aeb80000, 0x00000000e0000000)
  object space 241152K, 33% used [0x00000000a0000000,0x00000000a4e570b8,0x00000000aeb80000)
 Metaspace       used 98091K, capacity 103074K, committed 103168K, reserved 1138688K
  class space    used 13029K, capacity 14012K, committed 14080K, reserved 1048576K
}
Event: 898.301 GC heap before
{Heap before GC invocations=24 (full 4):
 PSYoungGen      total 258048K, used 240767K [0x00000000e0000000, 0x00000000f2e00000, 0x0000000100000000)
  eden space 222720K, 100% used [0x00000000e0000000,0x00000000ed980000,0x00000000ed980000)
  from space 35328K, 51% used [0x00000000ed980000,0x00000000eeb1ff20,0x00000000efc00000)
  to   space 34304K, 0% used [0x00000000f0c80000,0x00000000f0c80000,0x00000000f2e00000)
 ParOldGen       total 241152K, used 80220K [0x00000000a0000000, 0x00000000aeb80000, 0x00000000e0000000)
  object space 241152K, 33% used [0x00000000a0000000,0x00000000a4e570b8,0x00000000aeb80000)
 Metaspace       used 98909K, capacity 104110K, committed 104320K, reserved 1138688K
  class space    used 13104K, capacity 14152K, committed 14208K, reserved 1048576K
Event: 898.332 GC heap after
Heap after GC invocations=24 (full 4):
 PSYoungGen      total 266752K, used 10099K [0x00000000e0000000, 0x00000000f2980000, 0x0000000100000000)
  eden space 237056K, 0% used [0x00000000e0000000,0x00000000e0000000,0x00000000ee780000)
  from space 29696K, 34% used [0x00000000f0c80000,0x00000000f165ced0,0x00000000f2980000)
  to   space 33792K, 0% used [0x00000000ee780000,0x00000000ee780000,0x00000000f0880000)
 ParOldGen       total 241152K, used 80228K [0x00000000a0000000, 0x00000000aeb80000, 0x00000000e0000000)
  object space 241152K, 33% used [0x00000000a0000000,0x00000000a4e590b8,0x00000000aeb80000)
 Metaspace       used 98909K, capacity 104110K, committed 104320K, reserved 1138688K
  class space    used 13104K, capacity 14152K, committed 14208K, reserved 1048576K
}
Event: 930.843 GC heap before
{Heap before GC invocations=25 (full 4):
 PSYoungGen      total 266752K, used 247155K [0x00000000e0000000, 0x00000000f2980000, 0x0000000100000000)
  eden space 237056K, 100% used [0x00000000e0000000,0x00000000ee780000,0x00000000ee780000)
  from space 29696K, 34% used [0x00000000f0c80000,0x00000000f165ced0,0x00000000f2980000)
  to   space 33792K, 0% used [0x00000000ee780000,0x00000000ee780000,0x00000000f0880000)
 ParOldGen       total 241152K, used 80228K [0x00000000a0000000, 0x00000000aeb80000, 0x00000000e0000000)
  object space 241152K, 33% used [0x00000000a0000000,0x00000000a4e590b8,0x00000000aeb80000)
 Metaspace       used 99975K, capacity 105188K, committed 105472K, reserved 1140736K
  class space    used 13212K, capacity 14247K, committed 14336K, reserved 1048576K
Event: 930.860 GC heap after
Heap after GC invocations=25 (full 4):
 PSYoungGen      total 270848K, used 14525K [0x00000000e0000000, 0x00000000f3280000, 0x0000000100000000)
  eden space 237056K, 0% used [0x00000000e0000000,0x00000000e0000000,0x00000000ee780000)
  from space 33792K, 42% used [0x00000000ee780000,0x00000000ef5af6e8,0x00000000f0880000)
  to   space 32256K, 0% used [0x00000000f1300000,0x00000000f1300000,0x00000000f3280000)
 ParOldGen       total 241152K, used 80236K [0x00000000a0000000, 0x00000000aeb80000, 0x00000000e0000000)
  object space 241152K, 33% used [0x00000000a0000000,0x00000000a4e5b0b8,0x00000000aeb80000)
 Metaspace       used 99975K, capacity 105188K, committed 105472K, reserved 1140736K
  class space    used 13212K, capacity 14247K, committed 14336K, reserved 1048576K
}
Event: 1033.020 GC heap before
{Heap before GC invocations=26 (full 4):
 PSYoungGen      total 270848K, used 251581K [0x00000000e0000000, 0x00000000f3280000, 0x0000000100000000)
  eden space 237056K, 100% used [0x00000000e0000000,0x00000000ee780000,0x00000000ee780000)
  from space 33792K, 42% used [0x00000000ee780000,0x00000000ef5af6e8,0x00000000f0880000)
  to   space 32256K, 0% used [0x00000000f1300000,0x00000000f1300000,0x00000000f3280000)
 ParOldGen       total 241152K, used 80236K [0x00000000a0000000, 0x00000000aeb80000, 0x00000000e0000000)
  object space 241152K, 33% used [0x00000000a0000000,0x00000000a4e5b0b8,0x00000000aeb80000)
 Metaspace       used 101158K, capacity 106786K, committed 106880K, reserved 1142784K
  class space    used 13319K, capacity 14398K, committed 14464K, reserved 1048576K
Event: 1033.049 GC heap after
Heap after GC invocations=26 (full 4):
 PSYoungGen      total 275456K, used 18928K [0x00000000e0000000, 0x00000000f2f00000, 0x0000000100000000)
  eden space 246784K, 0% used [0x00000000e0000000,0x00000000e0000000,0x00000000ef100000)
  from space 28672K, 66% used [0x00000000f1300000,0x00000000f257c010,0x00000000f2f00000)
  to   space 31744K, 0% used [0x00000000ef100000,0x00000000ef100000,0x00000000f1000000)
 ParOldGen       total 241152K, used 80244K [0x00000000a0000000, 0x00000000aeb80000, 0x00000000e0000000)
  object space 241152K, 33% used [0x00000000a0000000,0x00000000a4e5d0b8,0x00000000aeb80000)
 Metaspace       used 101158K, capacity 106786K, committed 106880K, reserved 1142784K
  class space    used 13319K, capacity 14398K, committed 14464K, reserved 1048576K
}
Event: 1529.931 GC heap before
{Heap before GC invocations=27 (full 4):
 PSYoungGen      total 275456K, used 265712K [0x00000000e0000000, 0x00000000f2f00000, 0x0000000100000000)
  eden space 246784K, 100% used [0x00000000e0000000,0x00000000ef100000,0x00000000ef100000)
  from space 28672K, 66% used [0x00000000f1300000,0x00000000f257c010,0x00000000f2f00000)
  to   space 31744K, 0% used [0x00000000ef100000,0x00000000ef100000,0x00000000f1000000)
 ParOldGen       total 241152K, used 80244K [0x00000000a0000000, 0x00000000aeb80000, 0x00000000e0000000)
  object space 241152K, 33% used [0x00000000a0000000,0x00000000a4e5d0b8,0x00000000aeb80000)
 Metaspace       used 101607K, capacity 107338K, committed 107392K, reserved 1142784K
  class space    used 13332K, capacity 14422K, committed 14464K, reserved 1048576K
Event: 1529.953 GC heap after
Heap after GC invocations=27 (full 4):
 PSYoungGen      total 254464K, used 15238K [0x00000000e0000000, 0x00000000f2480000, 0x0000000100000000)
  eden space 239104K, 0% used [0x00000000e0000000,0x00000000e0000000,0x00000000ee980000)
  from space 15360K, 99% used [0x00000000ef100000,0x00000000effe1898,0x00000000f0000000)
  to   space 30208K, 0% used [0x00000000f0700000,0x00000000f0700000,0x00000000f2480000)
 ParOldGen       total 241152K, used 80252K [0x00000000a0000000, 0x00000000aeb80000, 0x00000000e0000000)
  object space 241152K, 33% used [0x00000000a0000000,0x00000000a4e5f0b8,0x00000000aeb80000)
 Metaspace       used 101607K, capacity 107338K, committed 107392K, reserved 1142784K
  class space    used 13332K, capacity 14422K, committed 14464K, reserved 1048576K
}

